<?xml version="1.0" encoding="UTF-8"?>
<testsuite name="com.bridgelabz.test.WebinarScreen" tests="8" skipped="0" failures="0" errors="0" timestamp="2023-03-06T16:09:27" hostname="DESKTOP-SS5TGEM" time="14.675">
  <properties/>
  <testcase name="webinarScreen[0](67878744, abc@yopmail.com)" classname="com.bridgelabz.test.WebinarScreen" time="5.529"/>
  <testcase name="webinarScreen[1](678647867, xyz@yopmail.com)" classname="com.bridgelabz.test.WebinarScreen" time="1.813"/>
  <testcase name="webinarScreen[2](8989897, yh@yopmail.com)" classname="com.bridgelabz.test.WebinarScreen" time="1.622"/>
  <testcase name="webinarScreen[3](703805368, test@yopmail.com)" classname="com.bridgelabz.test.WebinarScreen" time="1.64"/>
  <testcase name="phoneNo[0](abc@yopmail.com)" classname="com.bridgelabz.test.WebinarScreen" time="1.077"/>
  <testcase name="phoneNo[1](xyz@yopmail.com)" classname="com.bridgelabz.test.WebinarScreen" time="0.955"/>
  <testcase name="phoneNo[2](yh@yopmail.com)" classname="com.bridgelabz.test.WebinarScreen" time="0.984"/>
  <testcase name="phoneNo[3](test@yopmail.com)" classname="com.bridgelabz.test.WebinarScreen" time="0.959"/>
  <system-out><![CDATA[text :Enter Phone Number *
text :Enter Phone Number *
text :Enter Phone Number *
text :Enter Phone Number *
]]></system-out>
  <system-err><![CDATA[]]></system-err>
</testsuite>
